<?xml version="1.0" encoding="UTF-8"?>
<!-- Generated by org.testng.reporters.JUnitReportReporter -->
<testsuite hostname="ISDEVQA2" name="TestNG.main" tests="3" failures="0" timestamp="14 Apr 2014 20:08:55 GMT" time="21.777" errors="0">
  <testcase name="runIE" time="5.483" classname="TestNG.main"/>
  <testcase name="runChrome" time="7.520" classname="TestNG.main"/>
  <testcase name="runFirefox" time="8.774" classname="TestNG.main"/>
</testsuite> <!-- TestNG.main -->
