<?xml version="1.0" encoding="UTF-8"?>
<!-- Generated by org.testng.reporters.JUnitReportReporter -->
<testsuite hostname="ISDEVQA2" name="com.zakir.java.Class1" tests="3" failures="0" timestamp="20 Jun 2013 18:01:31 GMT" time="0.002" errors="0">
  <testcase name="fClass4" time="0.000" classname="com.zakir.java.Class1"/>
  <testcase name="fClass3" time="0.001" classname="com.zakir.java.Class1"/>
  <testcase name="fClass2" time="0.001" classname="com.zakir.java.Class1"/>
</testsuite> <!-- com.zakir.java.Class1 -->
