<?xml version="1.0" encoding="UTF-8"?>
<!-- Generated by org.testng.reporters.JUnitReportReporter -->
<testsuite hostname="ISDEVQA2" name="TestClass" tests="3" failures="0" timestamp="20 Jun 2013 18:01:49 GMT" time="0.019" errors="0">
  <testcase name="fClass2" time="0.015" classname="TestClass"/>
  <testcase name="fClass4" time="0.001" classname="TestClass"/>
  <testcase name="fClass3" time="0.003" classname="TestClass"/>
</testsuite> <!-- TestClass -->
