<?xml version="1.0" encoding="UTF-8"?>
<!-- Generated by org.testng.reporters.JUnitReportReporter -->
<testsuite hostname="ISDEVQA2" name="kwi.zakir.Common.AllStates_HO" tests="5" failures="0" timestamp="28 Jun 2013 17:24:59 GMT" time="0.046" errors="0">
  <testcase name="initialization" time="0.031" classname="kwi.zakir.Common.AllStates_HO"/>
  <testcase name="property_Information" time="0.000" classname="kwi.zakir.Common.AllStates_HO"/>
  <testcase name="StartQuote_WithAgency" time="0.000" classname="kwi.zakir.Common.AllStates_HO"/>
  <testcase name="Insured_Information" time="0.015" classname="kwi.zakir.Common.AllStates_HO"/>
  <testcase name="General_PrimaryResidence_Information" time="0.000" classname="kwi.zakir.Common.AllStates_HO"/>
</testsuite> <!-- kwi.zakir.Common.AllStates_HO -->
