<?xml version="1.0" encoding="UTF-8"?>
<!-- Generated by org.testng.reporters.JUnitReportReporter -->
<testsuite hostname="ISDEVQA2" name="kwi.zakir.PUP.Iteration01" tests="14" failures="0" timestamp="24 Oct 2013 16:45:51 GMT" time="193.476" errors="0">
  <testcase name="Properties" time="9.782" classname="kwi.zakir.PUP.Iteration01"/>
  <testcase name="NameInsured" time="3.239" classname="kwi.zakir.PUP.Iteration01"/>
  <testcase name="HouseholdMember" time="113.454" classname="kwi.zakir.PUP.Iteration01"/>
  <testcase name="PaymentMethod" time="16.340" classname="kwi.zakir.PUP.Iteration01"/>
  <testcase name="Watercraft" time="1.593" classname="kwi.zakir.PUP.Iteration01"/>
  <testcase name="CNI_Auto_Policy" time="5.888" classname="kwi.zakir.PUP.Iteration01"/>
  <testcase name="CustomerInformation" time="8.690" classname="kwi.zakir.PUP.Iteration01"/>
  <testcase name="StartQuote_WithAgency" time="3.672" classname="kwi.zakir.PUP.Iteration01"/>
  <testcase name="Login" time="5.771" classname="kwi.zakir.PUP.Iteration01"/>
  <testcase name="RecreationalVehicle" time="1.497" classname="kwi.zakir.PUP.Iteration01"/>
  <testcase name="GeneralAcceptabilityQuestions" time="8.508" classname="kwi.zakir.PUP.Iteration01"/>
  <testcase name="NonCNIVehicle" time="1.760" classname="kwi.zakir.PUP.Iteration01"/>
  <testcase name="CoveragePremium" time="7.077" classname="kwi.zakir.PUP.Iteration01"/>
  <testcase name="InsuranceProduct" time="6.205" classname="kwi.zakir.PUP.Iteration01"/>
</testsuite> <!-- kwi.zakir.PUP.Iteration01 -->
