<?xml version="1.0" encoding="UTF-8"?>
<!-- Generated by org.testng.reporters.JUnitReportReporter -->
<testsuite hostname="ISDEVQA2" name="kwi.zakir.PUP.Iteration01" tests="14" failures="0" timestamp="6 Nov 2013 00:16:35 GMT" time="58.388" errors="0">
  <testcase name="InsuranceProduct" time="4.086" classname="kwi.zakir.PUP.Iteration01"/>
  <testcase name="NonCNIVehicle" time="0.347" classname="kwi.zakir.PUP.Iteration01"/>
  <testcase name="Login" time="5.399" classname="kwi.zakir.PUP.Iteration01"/>
  <testcase name="CoveragePremium" time="3.412" classname="kwi.zakir.PUP.Iteration01"/>
  <testcase name="Properties" time="1.985" classname="kwi.zakir.PUP.Iteration01"/>
  <testcase name="RecreationalVehicle" time="0.370" classname="kwi.zakir.PUP.Iteration01"/>
  <testcase name="NameInsured" time="0.959" classname="kwi.zakir.PUP.Iteration01"/>
  <testcase name="GeneralAcceptabilityQuestions" time="2.175" classname="kwi.zakir.PUP.Iteration01"/>
  <testcase name="HouseholdMember" time="1.599" classname="kwi.zakir.PUP.Iteration01"/>
  <testcase name="Watercraft" time="0.449" classname="kwi.zakir.PUP.Iteration01"/>
  <testcase name="StartQuote_WithAgency" time="0.919" classname="kwi.zakir.PUP.Iteration01"/>
  <testcase name="CustomerInformation" time="3.163" classname="kwi.zakir.PUP.Iteration01"/>
  <testcase name="CNI_Auto_Policy" time="1.662" classname="kwi.zakir.PUP.Iteration01"/>
  <testcase name="PaymentMethod" time="31.863" classname="kwi.zakir.PUP.Iteration01"/>
</testsuite> <!-- kwi.zakir.PUP.Iteration01 -->
