<?xml version="1.0" encoding="UTF-8"?>
<!-- Generated by org.testng.reporters.JUnitReportReporter -->
<testsuite hostname="ISDEVQA2" name="kwi.zakir.PUP.Main_SmokeTest" tests="14" failures="0" timestamp="22 Nov 2013 20:34:31 GMT" time="54.079" errors="0">
  <testcase name="Watercraft" time="0.378" classname="kwi.zakir.PUP.Main_SmokeTest"/>
  <testcase name="CustomerInformation" time="4.560" classname="kwi.zakir.PUP.Main_SmokeTest"/>
  <testcase name="StartQuote_WithAgency" time="0.836" classname="kwi.zakir.PUP.Main_SmokeTest"/>
  <testcase name="Properties" time="2.363" classname="kwi.zakir.PUP.Main_SmokeTest"/>
  <testcase name="HouseholdMember" time="2.001" classname="kwi.zakir.PUP.Main_SmokeTest"/>
  <testcase name="InsuranceProduct" time="3.885" classname="kwi.zakir.PUP.Main_SmokeTest"/>
  <testcase name="NonCNIVehicle" time="0.373" classname="kwi.zakir.PUP.Main_SmokeTest"/>
  <testcase name="NameInsured" time="0.945" classname="kwi.zakir.PUP.Main_SmokeTest"/>
  <testcase name="GeneralAcceptabilityQuestions" time="2.681" classname="kwi.zakir.PUP.Main_SmokeTest"/>
  <testcase name="CoveragePremium" time="4.700" classname="kwi.zakir.PUP.Main_SmokeTest"/>
  <testcase name="RecreationalVehicle" time="0.385" classname="kwi.zakir.PUP.Main_SmokeTest"/>
  <testcase name="Login" time="8.184" classname="kwi.zakir.PUP.Main_SmokeTest"/>
  <testcase name="PaymentMethod" time="15.316" classname="kwi.zakir.PUP.Main_SmokeTest"/>
  <testcase name="CNI_Auto_Policy" time="7.472" classname="kwi.zakir.PUP.Main_SmokeTest"/>
</testsuite> <!-- kwi.zakir.PUP.Main_SmokeTest -->
