<?xml version="1.0" encoding="UTF-8"?>
<!-- Generated by org.testng.reporters.JUnitReportReporter -->
<testsuite hostname="ISDEVQA2" name="kwi.zakir.PUP.Main_SmokeTest" tests="14" failures="1" timestamp="20 Nov 2013 23:58:27 GMT" time="48.437" errors="0">
  <testcase name="Watercraft" time="0.307" classname="kwi.zakir.PUP.Main_SmokeTest"/>
  <testcase name="PaymentMethod" time="0.009" classname="kwi.zakir.PUP.Main_SmokeTest">
    <failure type="java.lang.NullPointerException">
      <![CDATA[java.lang.NullPointerException
	at kwi.zakir.PUP.NewQuote.getJSONvalue(NewQuote.java:258)
	at kwi.zakir.PUP.PaymentMethods.paperCheck(PaymentMethods.java:34)
	at kwi.zakir.PUP.NewQuote.Payment_Method(NewQuote.java:77)
	at kwi.zakir.PUP.Main_SmokeTest.PaymentMethod(Main_SmokeTest.java:150)
	at sun.reflect.NativeMethodAccessorImpl.invoke0(Native Method)
	at sun.reflect.NativeMethodAccessorImpl.invoke(Unknown Source)
	at sun.reflect.DelegatingMethodAccessorImpl.invoke(Unknown Source)
	at java.lang.reflect.Method.invoke(Unknown Source)
	at org.testng.internal.MethodInvocationHelper.invokeMethod(MethodInvocationHelper.java:84)
	at org.testng.internal.Invoker.invokeMethod(Invoker.java:714)
	at org.testng.internal.Invoker.invokeTestMethod(Invoker.java:901)
	at org.testng.internal.Invoker.invokeTestMethods(Invoker.java:1231)
	at org.testng.internal.TestMethodWorker.invokeTestMethods(TestMethodWorker.java:127)
	at org.testng.internal.TestMethodWorker.run(TestMethodWorker.java:111)
	at org.testng.TestRunner.privateRun(TestRunner.java:767)
	at org.testng.TestRunner.run(TestRunner.java:617)
	at org.testng.SuiteRunner.runTest(SuiteRunner.java:335)
	at org.testng.SuiteRunner.runSequentially(SuiteRunner.java:330)
	at org.testng.SuiteRunner.privateRun(SuiteRunner.java:291)
	at org.testng.SuiteRunner.run(SuiteRunner.java:240)
	at org.testng.SuiteRunnerWorker.runSuite(SuiteRunnerWorker.java:52)
	at org.testng.SuiteRunnerWorker.run(SuiteRunnerWorker.java:86)
	at org.testng.TestNG.runSuitesSequentially(TestNG.java:1224)
	at org.testng.TestNG.runSuitesLocally(TestNG.java:1149)
	at org.testng.TestNG.run(TestNG.java:1057)
	at org.testng.remote.RemoteTestNG.run(RemoteTestNG.java:111)
	at org.testng.remote.RemoteTestNG.initAndRun(RemoteTestNG.java:204)
	at org.testng.remote.RemoteTestNG.main(RemoteTestNG.java:175)
]]>
    </failure>
  </testcase> <!-- PaymentMethod -->
  <testcase name="StartQuote_WithAgency" time="7.663" classname="kwi.zakir.PUP.Main_SmokeTest"/>
  <testcase name="CoveragePremium" time="4.753" classname="kwi.zakir.PUP.Main_SmokeTest"/>
  <testcase name="HouseholdMember" time="2.046" classname="kwi.zakir.PUP.Main_SmokeTest"/>
  <testcase name="GeneralAcceptabilityQuestions" time="2.306" classname="kwi.zakir.PUP.Main_SmokeTest"/>
  <testcase name="NameInsured" time="1.313" classname="kwi.zakir.PUP.Main_SmokeTest"/>
  <testcase name="InsuranceProduct" time="1.356" classname="kwi.zakir.PUP.Main_SmokeTest"/>
  <testcase name="CNI_Auto_Policy" time="8.621" classname="kwi.zakir.PUP.Main_SmokeTest"/>
  <testcase name="CustomerInformation" time="12.031" classname="kwi.zakir.PUP.Main_SmokeTest"/>
  <testcase name="NonCNIVehicle" time="0.534" classname="kwi.zakir.PUP.Main_SmokeTest"/>
  <testcase name="Properties" time="2.075" classname="kwi.zakir.PUP.Main_SmokeTest"/>
  <testcase name="Login" time="5.056" classname="kwi.zakir.PUP.Main_SmokeTest"/>
  <testcase name="RecreationalVehicle" time="0.367" classname="kwi.zakir.PUP.Main_SmokeTest"/>
</testsuite> <!-- kwi.zakir.PUP.Main_SmokeTest -->
