<?xml version="1.0" encoding="UTF-8"?>
<!-- Generated by org.testng.reporters.JUnitReportReporter -->
<testsuite hostname="ISDEVQA2" name="kwi.zakir.PUP.Iteration01" tests="14" failures="0" timestamp="9 Oct 2013 21:28:51 GMT" time="72.512" errors="0">
  <testcase name="CoveragePremium" time="3.647" classname="kwi.zakir.PUP.Iteration01"/>
  <testcase name="Properties" time="1.998" classname="kwi.zakir.PUP.Iteration01"/>
  <testcase name="CustomerInformation" time="2.561" classname="kwi.zakir.PUP.Iteration01"/>
  <testcase name="StartQuote_WithAgency" time="0.857" classname="kwi.zakir.PUP.Iteration01"/>
  <testcase name="HouseholdMember" time="1.881" classname="kwi.zakir.PUP.Iteration01"/>
  <testcase name="Login" time="6.401" classname="kwi.zakir.PUP.Iteration01"/>
  <testcase name="CNI_Auto_Policy" time="1.676" classname="kwi.zakir.PUP.Iteration01"/>
  <testcase name="Watercraft" time="0.328" classname="kwi.zakir.PUP.Iteration01"/>
  <testcase name="NonCNIVehicle" time="0.424" classname="kwi.zakir.PUP.Iteration01"/>
  <testcase name="RecreationalVehicle" time="0.369" classname="kwi.zakir.PUP.Iteration01"/>
  <testcase name="NameInsured" time="8.812" classname="kwi.zakir.PUP.Iteration01"/>
  <testcase name="GeneralAcceptabilityQuestions" time="2.401" classname="kwi.zakir.PUP.Iteration01"/>
  <testcase name="PaymentMethod" time="37.038" classname="kwi.zakir.PUP.Iteration01"/>
  <testcase name="InsuranceProduct" time="4.119" classname="kwi.zakir.PUP.Iteration01"/>
</testsuite> <!-- kwi.zakir.PUP.Iteration01 -->
