<?xml version="1.0" encoding="UTF-8"?>
<!-- Generated by org.testng.reporters.JUnitReportReporter -->
<testsuite hostname="ISDEVQA2" name="kwi.zakir.PUP.Main_SmokeTest" tests="14" failures="0" timestamp="14 Feb 2014 00:35:49 GMT" time="40.605" errors="0">
  <testcase name="CustomerInformation" time="4.409" classname="kwi.zakir.PUP.Main_SmokeTest"/>
  <testcase name="CoveragePremium" time="4.368" classname="kwi.zakir.PUP.Main_SmokeTest"/>
  <testcase name="Login" time="8.604" classname="kwi.zakir.PUP.Main_SmokeTest"/>
  <testcase name="CNI_Auto_Policy" time="3.150" classname="kwi.zakir.PUP.Main_SmokeTest"/>
  <testcase name="NameInsured" time="1.534" classname="kwi.zakir.PUP.Main_SmokeTest"/>
  <testcase name="HouseholdMember" time="4.058" classname="kwi.zakir.PUP.Main_SmokeTest"/>
  <testcase name="StartQuote_WithAgency" time="0.945" classname="kwi.zakir.PUP.Main_SmokeTest"/>
  <testcase name="Properties" time="3.457" classname="kwi.zakir.PUP.Main_SmokeTest"/>
  <testcase name="PaymentMethod" time="2.782" classname="kwi.zakir.PUP.Main_SmokeTest"/>
  <testcase name="NonCNIVehicle" time="0.607" classname="kwi.zakir.PUP.Main_SmokeTest"/>
  <testcase name="Watercraft" time="0.536" classname="kwi.zakir.PUP.Main_SmokeTest"/>
  <testcase name="RecreationalVehicle" time="0.465" classname="kwi.zakir.PUP.Main_SmokeTest"/>
  <testcase name="GeneralAcceptabilityQuestions" time="1.113" classname="kwi.zakir.PUP.Main_SmokeTest"/>
  <testcase name="InsuranceProduct" time="4.577" classname="kwi.zakir.PUP.Main_SmokeTest"/>
</testsuite> <!-- kwi.zakir.PUP.Main_SmokeTest -->
