<?xml version="1.0" encoding="UTF-8"?>
<!-- Generated by org.testng.reporters.JUnitReportReporter -->
<testsuite hostname="ISDEVQA2" name="kwi.zakir.PUP.Iteration01" tests="14" failures="0" timestamp="4 Oct 2013 19:11:46 GMT" time="47.393" errors="0">
  <testcase name="StartQuote_WithAgency" time="0.967" classname="kwi.zakir.PUP.Iteration01"/>
  <testcase name="CoveragePremium" time="3.708" classname="kwi.zakir.PUP.Iteration01"/>
  <testcase name="Watercraft" time="0.347" classname="kwi.zakir.PUP.Iteration01"/>
  <testcase name="CustomerInformation" time="2.447" classname="kwi.zakir.PUP.Iteration01"/>
  <testcase name="initialization" time="5.720" classname="kwi.zakir.PUP.Iteration01"/>
  <testcase name="NameInsured" time="1.029" classname="kwi.zakir.PUP.Iteration01"/>
  <testcase name="Properties" time="2.054" classname="kwi.zakir.PUP.Iteration01"/>
  <testcase name="GeneralAcceptabilityQuestions" time="1.875" classname="kwi.zakir.PUP.Iteration01"/>
  <testcase name="HouseholdMember" time="2.254" classname="kwi.zakir.PUP.Iteration01"/>
  <testcase name="CNI_Auto_Policy" time="1.826" classname="kwi.zakir.PUP.Iteration01"/>
  <testcase name="InsuranceProduct" time="4.480" classname="kwi.zakir.PUP.Iteration01"/>
  <testcase name="RecreationalVehicle" time="0.386" classname="kwi.zakir.PUP.Iteration01"/>
  <testcase name="PaymentMethod" time="19.862" classname="kwi.zakir.PUP.Iteration01"/>
  <testcase name="NonCNIVehicle" time="0.438" classname="kwi.zakir.PUP.Iteration01"/>
</testsuite> <!-- kwi.zakir.PUP.Iteration01 -->
