<?xml version="1.0" encoding="UTF-8"?>
<!-- Generated by org.testng.reporters.JUnitReportReporter -->
<testsuite hostname="ISDEVQA2" name="kwi.zakir.PUP.Main_SmokeTest" tests="14" failures="13" timestamp="14 Nov 2013 01:37:59 GMT" time="48.970" errors="0">
  <testcase name="CoveragePremium" time="0.000" classname="kwi.zakir.PUP.Main_SmokeTest"/>
  <testcase name="InsuranceProduct" time="0.001" classname="kwi.zakir.PUP.Main_SmokeTest"/>
  <testcase name="RecreationalVehicle" time="0.001" classname="kwi.zakir.PUP.Main_SmokeTest"/>
  <testcase name="Watercraft" time="0.000" classname="kwi.zakir.PUP.Main_SmokeTest"/>
  <testcase name="GeneralAcceptabilityQuestions" time="0.000" classname="kwi.zakir.PUP.Main_SmokeTest"/>
  <testcase name="Properties" time="0.001" classname="kwi.zakir.PUP.Main_SmokeTest"/>
  <testcase name="PaymentMethod" time="0.001" classname="kwi.zakir.PUP.Main_SmokeTest"/>
  <testcase name="CNI_Auto_Policy" time="0.005" classname="kwi.zakir.PUP.Main_SmokeTest"/>
  <testcase name="StartQuote_WithAgency" time="20.726" classname="kwi.zakir.PUP.Main_SmokeTest">
    <failure type="org.openqa.selenium.NoSuchElementException" message="no such element
  (Session info: chrome=30.0.1599.101)
  (Driver info: chromedriver=2.3,platform=Windows NT 6.1 SP1 x86_64) (WARNING: The server did not provide any stacktrace information)
Command duration or timeout: 20.67 seconds
For documentation on this error, please visit: http://seleniumhq.org/exceptions/no_such_element.html
Build info: version: &#039;2.37.0&#039;, revision: &#039;a7c61cb&#039;, time: &#039;2013-10-18 17:14:00&#039;
System info: host: &#039;ISDEVQA2&#039;, ip: &#039;172.16.94.61&#039;, os.name: &#039;Windows 7&#039;, os.arch: &#039;amd64&#039;, os.version: &#039;6.1&#039;, java.version: &#039;1.7.0_21&#039;
Session ID: 55da56a96ce57ab98ac4d0d3b70ad624
Driver info: org.openqa.selenium.chrome.ChromeDriver
Capabilities [{platform=XP, acceptSslCerts=true, javascriptEnabled=true, browserName=chrome, chrome={chromedriverVersion=2.3}, rotatable=false, locationContextEnabled=true, version=30.0.1599.101, cssSelectorsEnabled=true, databaseEnabled=true, handlesAlerts=true, browserConnectionEnabled=false, webStorageEnabled=true, nativeEvents=true, applicationCacheEnabled=false, takesScreenshot=true}]">
      <![CDATA[org.openqa.selenium.NoSuchElementException: no such element
  (Session info: chrome=30.0.1599.101)
  (Driver info: chromedriver=2.3,platform=Windows NT 6.1 SP1 x86_64) (WARNING: The server did not provide any stacktrace information)
Command duration or timeout: 20.67 seconds
For documentation on this error, please visit: http://seleniumhq.org/exceptions/no_such_element.html
Build info: version: '2.37.0', revision: 'a7c61cb', time: '2013-10-18 17:14:00'
System info: host: 'ISDEVQA2', ip: '172.16.94.61', os.name: 'Windows 7', os.arch: 'amd64', os.version: '6.1', java.version: '1.7.0_21'
Session ID: 55da56a96ce57ab98ac4d0d3b70ad624
Driver info: org.openqa.selenium.chrome.ChromeDriver
Capabilities [{platform=XP, acceptSslCerts=true, javascriptEnabled=true, browserName=chrome, chrome={chromedriverVersion=2.3}, rotatable=false, locationContextEnabled=true, version=30.0.1599.101, cssSelectorsEnabled=true, databaseEnabled=true, handlesAlerts=true, browserConnectionEnabled=false, webStorageEnabled=true, nativeEvents=true, applicationCacheEnabled=false, takesScreenshot=true}]
	at sun.reflect.NativeConstructorAccessorImpl.newInstance0(Native Method)
	at sun.reflect.NativeConstructorAccessorImpl.newInstance(Unknown Source)
	at sun.reflect.DelegatingConstructorAccessorImpl.newInstance(Unknown Source)
	at java.lang.reflect.Constructor.newInstance(Unknown Source)
	at org.openqa.selenium.remote.ErrorHandler.createThrowable(ErrorHandler.java:193)
	at org.openqa.selenium.remote.ErrorHandler.throwIfResponseFailed(ErrorHandler.java:145)
	at org.openqa.selenium.remote.RemoteWebDriver.execute(RemoteWebDriver.java:554)
	at org.openqa.selenium.remote.RemoteWebDriver.findElement(RemoteWebDriver.java:307)
	at org.openqa.selenium.remote.RemoteWebDriver.findElementById(RemoteWebDriver.java:348)
	at org.openqa.selenium.By$ById.findElement(By.java:220)
	at org.openqa.selenium.remote.RemoteWebDriver.findElement(RemoteWebDriver.java:299)
	at kwi.zakir.Common.CommonLibrary.DoClicki(CommonLibrary.java:60)
	at kwi.zakir.PUP.NewQuote.GetQuote(NewQuote.java:174)
	at kwi.zakir.PUP.Main_SmokeTest.StartQuote_WithAgency(Main_SmokeTest.java:37)
	at sun.reflect.NativeMethodAccessorImpl.invoke0(Native Method)
	at sun.reflect.NativeMethodAccessorImpl.invoke(Unknown Source)
	at sun.reflect.DelegatingMethodAccessorImpl.invoke(Unknown Source)
	at java.lang.reflect.Method.invoke(Unknown Source)
	at org.testng.internal.MethodInvocationHelper.invokeMethod(MethodInvocationHelper.java:84)
	at org.testng.internal.Invoker.invokeMethod(Invoker.java:714)
	at org.testng.internal.Invoker.invokeTestMethod(Invoker.java:901)
	at org.testng.internal.Invoker.invokeTestMethods(Invoker.java:1231)
	at org.testng.internal.TestMethodWorker.invokeTestMethods(TestMethodWorker.java:127)
	at org.testng.internal.TestMethodWorker.run(TestMethodWorker.java:111)
	at org.testng.TestRunner.privateRun(TestRunner.java:767)
	at org.testng.TestRunner.run(TestRunner.java:617)
	at org.testng.SuiteRunner.runTest(SuiteRunner.java:335)
	at org.testng.SuiteRunner.runSequentially(SuiteRunner.java:330)
	at org.testng.SuiteRunner.privateRun(SuiteRunner.java:291)
	at org.testng.SuiteRunner.run(SuiteRunner.java:240)
	at org.testng.SuiteRunnerWorker.runSuite(SuiteRunnerWorker.java:52)
	at org.testng.SuiteRunnerWorker.run(SuiteRunnerWorker.java:86)
	at org.testng.TestNG.runSuitesSequentially(TestNG.java:1224)
	at org.testng.TestNG.runSuitesLocally(TestNG.java:1149)
	at org.testng.TestNG.run(TestNG.java:1057)
	at org.testng.remote.RemoteTestNG.run(RemoteTestNG.java:111)
	at org.testng.remote.RemoteTestNG.initAndRun(RemoteTestNG.java:204)
	at org.testng.remote.RemoteTestNG.main(RemoteTestNG.java:175)
]]>
    </failure>
  </testcase> <!-- StartQuote_WithAgency -->
  <testcase name="Login" time="28.232" classname="kwi.zakir.PUP.Main_SmokeTest"/>
  <testcase name="HouseholdMember" time="0.001" classname="kwi.zakir.PUP.Main_SmokeTest"/>
  <testcase name="NonCNIVehicle" time="0.001" classname="kwi.zakir.PUP.Main_SmokeTest"/>
  <testcase name="NameInsured" time="0.000" classname="kwi.zakir.PUP.Main_SmokeTest"/>
  <testcase name="CustomerInformation" time="0.001" classname="kwi.zakir.PUP.Main_SmokeTest"/>
</testsuite> <!-- kwi.zakir.PUP.Main_SmokeTest -->
